This file contains any messages produced by compilers while
running configure, to aid debugging if configure makes a mistake.

It was created by minecraft-server-service configure 1.0, which was
generated by GNU Autoconf 2.69.  Invocation command line was

  $ ./configure --no-create --no-recursion

## --------- ##
## Platform. ##
## --------- ##

hostname = mel-debian
uname -m = x86_64
uname -r = 4.4.0-1-amd64
uname -s = Linux
uname -v = #1 SMP Debian 4.4.4-2 (2016-03-09)

/usr/bin/uname -p = unknown
/bin/uname -X     = unknown

/bin/arch              = unknown
/usr/bin/arch -k       = unknown
/usr/convex/getsysinfo = unknown
/usr/bin/hostinfo      = unknown
/bin/machine           = unknown
/usr/bin/oslevel       = unknown
/bin/universe          = unknown

PATH: /home/mel/.opam/system/bin
PATH: /usr/local/bin
PATH: /usr/bin
PATH: /bin
PATH: /usr/local/games
PATH: /usr/games
PATH: /home/mel/gocode/bin
PATH: /usr/lib/postgresql/9.1/bin


## ----------- ##
## Core tests. ##
## ----------- ##

configure:1845: checking for a BSD-compatible install
configure:1913: result: /usr/bin/install -c
configure:1924: checking whether build environment is sane
configure:1979: result: yes
configure:2130: checking for a thread-safe mkdir -p
configure:2169: result: /bin/mkdir -p
configure:2176: checking for gawk
configure:2192: found /usr/bin/gawk
configure:2203: result: gawk
configure:2214: checking whether make sets $(MAKE)
configure:2236: result: yes
configure:2265: checking whether make supports nested variables
configure:2282: result: yes
configure:2466: checking for g++
configure:2482: found /usr/bin/g++
configure:2493: result: g++
configure:2520: checking for C++ compiler version
configure:2529: g++ --version >&5
g++ (Debian 5.3.1-11) 5.3.1 20160307
Copyright (C) 2015 Free Software Foundation, Inc.
This is free software; see the source for copying conditions.  There is NO
warranty; not even for MERCHANTABILITY or FITNESS FOR A PARTICULAR PURPOSE.

configure:2540: $? = 0
configure:2529: g++ -v >&5
Using built-in specs.
COLLECT_GCC=g++
COLLECT_LTO_WRAPPER=/usr/lib/gcc/x86_64-linux-gnu/5/lto-wrapper
Target: x86_64-linux-gnu
Configured with: ../src/configure -v --with-pkgversion='Debian 5.3.1-11' --with-bugurl=file:///usr/share/doc/gcc-5/README.Bugs --enable-languages=c,ada,c++,java,go,d,fortran,objc,obj-c++ --prefix=/usr --program-suffix=-5 --enable-shared --enable-linker-build-id --libexecdir=/usr/lib --without-included-gettext --enable-threads=posix --libdir=/usr/lib --enable-nls --with-sysroot=/ --enable-clocale=gnu --enable-libstdcxx-debug --enable-libstdcxx-time=yes --with-default-libstdcxx-abi=new --enable-gnu-unique-object --disable-vtable-verify --enable-libmpx --enable-plugin --with-system-zlib --disable-browser-plugin --enable-java-awt=gtk --enable-gtk-cairo --with-java-home=/usr/lib/jvm/java-1.5.0-gcj-5-amd64/jre --enable-java-home --with-jvm-root-dir=/usr/lib/jvm/java-1.5.0-gcj-5-amd64 --with-jvm-jar-dir=/usr/lib/jvm-exports/java-1.5.0-gcj-5-amd64 --with-arch-directory=amd64 --with-ecj-jar=/usr/share/java/eclipse-ecj.jar --enable-objc-gc --enable-multiarch --with-arch-32=i586 --with-abi=m64 --with-multilib-list=m32,m64,mx32 --enable-multilib --with-tune=generic --enable-checking=release --build=x86_64-linux-gnu --host=x86_64-linux-gnu --target=x86_64-linux-gnu
Thread model: posix
gcc version 5.3.1 20160307 (Debian 5.3.1-11) 
configure:2540: $? = 0
configure:2529: g++ -V >&5
g++: error: unrecognized command line option '-V'
g++: fatal error: no input files
compilation terminated.
configure:2540: $? = 1
configure:2529: g++ -qversion >&5
g++: error: unrecognized command line option '-qversion'
g++: fatal error: no input files
compilation terminated.
configure:2540: $? = 1
configure:2560: checking whether the C++ compiler works
configure:2582: g++    conftest.cpp  >&5
configure:2586: $? = 0
configure:2634: result: yes
configure:2637: checking for C++ compiler default output file name
configure:2639: result: a.out
configure:2645: checking for suffix of executables
configure:2652: g++ -o conftest    conftest.cpp  >&5
configure:2656: $? = 0
configure:2678: result: 
configure:2700: checking whether we are cross compiling
configure:2708: g++ -o conftest    conftest.cpp  >&5
configure:2712: $? = 0
configure:2719: ./conftest
configure:2723: $? = 0
configure:2738: result: no
configure:2743: checking for suffix of object files
configure:2765: g++ -c   conftest.cpp >&5
configure:2769: $? = 0
configure:2790: result: o
configure:2794: checking whether we are using the GNU C++ compiler
configure:2813: g++ -c   conftest.cpp >&5
configure:2813: $? = 0
configure:2822: result: yes
configure:2831: checking whether g++ accepts -g
configure:2851: g++ -c -g  conftest.cpp >&5
configure:2851: $? = 0
configure:2892: result: yes
configure:2926: checking for style of include used by make
configure:2954: result: GNU
configure:2980: checking dependency style of g++
configure:3091: result: gcc3
configure:3219: checking that generated files are newer than configure
configure:3225: result: done
configure:3248: creating ./config.status

## ---------------- ##
## Cache variables. ##
## ---------------- ##

ac_cv_cxx_compiler_gnu=yes
ac_cv_env_CCC_set=
ac_cv_env_CCC_value=
ac_cv_env_CPPFLAGS_set=
ac_cv_env_CPPFLAGS_value=
ac_cv_env_CXXFLAGS_set=
ac_cv_env_CXXFLAGS_value=
ac_cv_env_CXX_set=
ac_cv_env_CXX_value=
ac_cv_env_LDFLAGS_set=
ac_cv_env_LDFLAGS_value=
ac_cv_env_LIBS_set=
ac_cv_env_LIBS_value=
ac_cv_env_build_alias_set=
ac_cv_env_build_alias_value=
ac_cv_env_host_alias_set=
ac_cv_env_host_alias_value=
ac_cv_env_target_alias_set=
ac_cv_env_target_alias_value=
ac_cv_objext=o
ac_cv_path_install='/usr/bin/install -c'
ac_cv_path_mkdir=/bin/mkdir
ac_cv_prog_AWK=gawk
ac_cv_prog_ac_ct_CXX=g++
ac_cv_prog_cxx_g=yes
ac_cv_prog_make_make_set=yes
am_cv_CXX_dependencies_compiler_type=gcc3
am_cv_make_support_nested_variables=yes

## ----------------- ##
## Output variables. ##
## ----------------- ##

ACLOCAL='${SHELL} "/home/mel/projects/Misc/Minecraft Server Service/missing" aclocal-1.15'
AMDEPBACKSLASH='\'
AMDEP_FALSE='#'
AMDEP_TRUE=''
AMTAR='$${TAR-tar}'
AM_BACKSLASH='\'
AM_DEFAULT_V='$(AM_DEFAULT_VERBOSITY)'
AM_DEFAULT_VERBOSITY='1'
AM_V='$(V)'
AUTOCONF='${SHELL} "/home/mel/projects/Misc/Minecraft Server Service/missing" autoconf'
AUTOHEADER='${SHELL} "/home/mel/projects/Misc/Minecraft Server Service/missing" autoheader'
AUTOMAKE='${SHELL} "/home/mel/projects/Misc/Minecraft Server Service/missing" automake-1.15'
AWK='gawk'
CPPFLAGS=''
CXX='g++'
CXXDEPMODE='depmode=gcc3'
CXXFLAGS='-g -O2'
CYGPATH_W='echo'
DEFS='-DHAVE_CONFIG_H'
DEPDIR='.deps'
ECHO_C=''
ECHO_N='-n'
ECHO_T=''
EXEEXT=''
INSTALL_DATA='${INSTALL} -m 644'
INSTALL_PROGRAM='${INSTALL}'
INSTALL_SCRIPT='${INSTALL}'
INSTALL_STRIP_PROGRAM='$(install_sh) -c -s'
LDFLAGS=''
LIBOBJS=''
LIBS=''
LTLIBOBJS=''
MAKEINFO='${SHELL} "/home/mel/projects/Misc/Minecraft Server Service/missing" makeinfo'
MKDIR_P='/bin/mkdir -p'
OBJEXT='o'
PACKAGE='minecraft-server-service'
PACKAGE_BUGREPORT='bug-automake@gnu.org'
PACKAGE_NAME='minecraft-server-service'
PACKAGE_STRING='minecraft-server-service 1.0'
PACKAGE_TARNAME='minecraft-server-service'
PACKAGE_URL=''
PACKAGE_VERSION='1.0'
PATH_SEPARATOR=':'
SET_MAKE=''
SHELL='/bin/bash'
STRIP=''
VERSION='1.0'
ac_ct_CXX='g++'
am__EXEEXT_FALSE=''
am__EXEEXT_TRUE='#'
am__fastdepCXX_FALSE='#'
am__fastdepCXX_TRUE=''
am__include='include'
am__isrc=''
am__leading_dot='.'
am__nodep='_no'
am__quote=''
am__tar='$${TAR-tar} chof - "$$tardir"'
am__untar='$${TAR-tar} xf -'
bindir='${exec_prefix}/bin'
build_alias=''
datadir='${datarootdir}'
datarootdir='${prefix}/share'
docdir='${datarootdir}/doc/${PACKAGE_TARNAME}'
dvidir='${docdir}'
exec_prefix='${prefix}'
host_alias=''
htmldir='${docdir}'
includedir='${prefix}/include'
infodir='${datarootdir}/info'
install_sh='${SHELL} '\''/home/mel/projects/Misc/Minecraft Server Service/install-sh'\'''
libdir='${exec_prefix}/lib'
libexecdir='${exec_prefix}/libexec'
localedir='${datarootdir}/locale'
localstatedir='${prefix}/var'
mandir='${datarootdir}/man'
mkdir_p='$(MKDIR_P)'
oldincludedir='/usr/include'
pdfdir='${docdir}'
prefix='/usr/local'
program_transform_name='s,x,x,'
psdir='${docdir}'
runstatedir='${localstatedir}/run'
sbindir='${exec_prefix}/sbin'
sharedstatedir='${prefix}/com'
sysconfdir='${prefix}/etc'
target_alias=''

## ----------- ##
## confdefs.h. ##
## ----------- ##

/* confdefs.h */
#define PACKAGE_NAME "minecraft-server-service"
#define PACKAGE_TARNAME "minecraft-server-service"
#define PACKAGE_VERSION "1.0"
#define PACKAGE_STRING "minecraft-server-service 1.0"
#define PACKAGE_BUGREPORT "bug-automake@gnu.org"
#define PACKAGE_URL ""
#define PACKAGE "minecraft-server-service"
#define VERSION "1.0"

configure: exit 0

## ---------------------- ##
## Running config.status. ##
## ---------------------- ##

This file was extended by minecraft-server-service config.status 1.0, which was
generated by GNU Autoconf 2.69.  Invocation command line was

  CONFIG_FILES    = 
  CONFIG_HEADERS  = 
  CONFIG_LINKS    = 
  CONFIG_COMMANDS = 
  $ ./config.status 

on mel-debian

config.status:841: creating Makefile
config.status:841: creating src/Makefile
config.status:841: creating config.h
config.status:1070: executing depfiles commands

## ---------------------- ##
## Running config.status. ##
## ---------------------- ##

This file was extended by minecraft-server-service config.status 1.0, which was
generated by GNU Autoconf 2.69.  Invocation command line was

  CONFIG_FILES    = 
  CONFIG_HEADERS  = 
  CONFIG_LINKS    = 
  CONFIG_COMMANDS = 
  $ ./config.status config.h

on mel-debian

config.status:841: creating config.h
config.status:1022: config.h is unchanged
